0 verbose cli /usr/bin/node /usr/bin/npm
1 info using npm@11.11.0
2 info using node@v25.7.0
3 silly config load:file:/usr/lib/node_modules/npm/npmrc
4 silly config load:file:/home/gabo/portfolio/projects/23-lindoTours/web/Hibra999.github.io/.npmrc
5 silly config load:file:/home/gabo/.npmrc
6 silly config load:file:/etc/npmrc
7 verbose title npm rebuild better-sqlite3
8 verbose argv "rebuild" "better-sqlite3" "--foreground-scripts" "--loglevel" "verbose"
9 verbose logfile logs-max:10 dir:/home/gabo/portfolio/projects/23-lindoTours/web/Hibra999.github.io/.npm-cache/_logs/2026-03-07T06_00_11_728Z-
10 verbose logfile /home/gabo/portfolio/projects/23-lindoTours/web/Hibra999.github.io/.npm-cache/_logs/2026-03-07T06_00_11_728Z-debug-0.log
11 silly logfile done cleaning log files
12 http fetch GET https://registry.npmjs.org/npm attempt 1 failed with EAI_AGAIN
13 silly packumentCache heap:2251030528 maxSize:562757632 maxEntrySize:281378816
14 verbose shrinkwrap failed to load node_modules/.package-lock.json out of date, updated: node_modules/better-sqlite3
15 info run better-sqlite3@12.6.2 install node_modules/better-sqlite3 prebuild-install || node-gyp rebuild --release
16 info run better-sqlite3@12.6.2 install { code: 1, signal: null }
17 verbose stack Error: command failed
17 verbose stack     at promiseSpawn (/usr/lib/node_modules/npm/node_modules/@npmcli/promise-spawn/lib/index.js:22:22)
17 verbose stack     at spawnWithShell (/usr/lib/node_modules/npm/node_modules/@npmcli/promise-spawn/lib/index.js:124:10)
17 verbose stack     at promiseSpawn (/usr/lib/node_modules/npm/node_modules/@npmcli/promise-spawn/lib/index.js:12:12)
17 verbose stack     at runScriptPkg (/usr/lib/node_modules/npm/node_modules/@npmcli/run-script/lib/run-script-pkg.js:79:13)
17 verbose stack     at runScript (/usr/lib/node_modules/npm/node_modules/@npmcli/run-script/lib/run-script.js:9:12)
17 verbose stack     at /usr/lib/node_modules/npm/node_modules/@npmcli/arborist/lib/arborist/rebuild.js:327:17
17 verbose stack     at run (/usr/lib/node_modules/npm/node_modules/promise-call-limit/dist/commonjs/index.js:67:22)
17 verbose stack     at /usr/lib/node_modules/npm/node_modules/promise-call-limit/dist/commonjs/index.js:84:9
17 verbose stack     at new Promise (<anonymous>)
17 verbose stack     at callLimit (/usr/lib/node_modules/npm/node_modules/promise-call-limit/dist/commonjs/index.js:35:69)
18 verbose pkgid better-sqlite3@12.6.2
19 error code 1
20 error path /home/gabo/portfolio/projects/23-lindoTours/web/Hibra999.github.io/node_modules/better-sqlite3
21 error command failed
22 error command sh -c prebuild-install || node-gyp rebuild --release
23 silly unfinished npm timer build 1772863212193
24 silly unfinished npm timer build:deps 1772863212193
25 silly unfinished npm timer build:run:install 1772863212193
26 silly unfinished npm timer build:run:install:node_modules/better-sqlite3 1772863212193
27 verbose cwd /home/gabo/portfolio/projects/23-lindoTours/web/Hibra999.github.io
28 verbose os Linux 6.18.5-arch1-1
29 verbose node v25.7.0
30 verbose npm  v11.11.0
31 verbose exit 1
32 verbose code 1
33 error A complete log of this run can be found in: /home/gabo/portfolio/projects/23-lindoTours/web/Hibra999.github.io/.npm-cache/_logs/2026-03-07T06_00_11_728Z-debug-0.log
